<?xml version="1.0" encoding="UTF-8"?>
<!-- Generated by org.testng.reporters.JUnitReportReporter -->
<testsuite skipped="0" hostname="Laptop-PR-16" name="org.test.testclass.Createslot" tests="2" failures="0" timestamp="26 Oct 2023 09:22:28 GMT" time="10.447" errors="0">
  <testcase name="User_creates_slots" time="3.560" classname="org.test.testclass.Createslot"/>
  <testcase name="User_delete_the_slot" time="6.887" classname="org.test.testclass.Createslot"/>
</testsuite> <!-- org.test.testclass.Createslot -->
