<?xml version="1.0" encoding="UTF-8"?>
<!-- Generated by org.testng.reporters.JUnitReportReporter -->
<testsuite skipped="0" hostname="Laptop-PR-16" name="org.test.testclass.Login" tests="1" failures="0" timestamp="26 Oct 2023 09:22:28 GMT" time="37.600" errors="0">
  <testcase name="user_login_to_the_app" time="37.600" classname="org.test.testclass.Login"/>
</testsuite> <!-- org.test.testclass.Login -->
