<?xml version="1.0" encoding="UTF-8"?>
<!-- Generated by org.testng.reporters.JUnitReportReporter -->
<testsuite skipped="0" hostname="Laptop-PR-16" name="org.test.testclass.LaunchStep" tests="1" failures="0" timestamp="10 Nov 2023 11:15:50 GMT" time="25.520" errors="0">
  <testcase name="user_login_to_the_app" time="25.520" classname="org.test.testclass.LaunchStep"/>
</testsuite> <!-- org.test.testclass.LaunchStep -->
