<?xml version="1.0" encoding="UTF-8"?>
<!-- Generated by org.testng.reporters.JUnitReportReporter -->
<testsuite skipped="0" hostname="Laptop-PR-16" name="org.test.testclass.Valid_LoginStep" tests="1" failures="0" timestamp="08 Nov 2023 13:08:52 GMT" time="44.841" errors="0">
  <testcase name="user_login_to_the_app" time="44.841" classname="org.test.testclass.Valid_LoginStep"/>
</testsuite> <!-- org.test.testclass.Valid_LoginStep -->
