<?xml version="1.0" encoding="UTF-8"?>
<!-- Generated by org.testng.reporters.JUnitReportReporter -->
<testsuite skipped="0" hostname="Laptop-PR-16" name="org.test.testclass.Mutiplelogin" tests="1" failures="0" timestamp="10 Nov 2023 06:42:48 GMT" time="104.050" errors="0">
  <testcase name="user_login_to_the_app" time="104.050" classname="org.test.testclass.Mutiplelogin"/>
</testsuite> <!-- org.test.testclass.Mutiplelogin -->
