<?xml version="1.0" encoding="UTF-8"?>
<!-- Generated by org.testng.reporters.JUnitReportReporter -->
<testsuite skipped="0" hostname="Laptop-PR-16" name="org.test.testclass.LoginSteps" tests="3" failures="0" timestamp="10 Nov 2023 11:15:50 GMT" time="95.325" errors="0">
  <testcase name="user_login_to_the_app" time="39.664" classname="org.test.testclass.LoginSteps"/>
  <testcase name="user_login_to_the_app_with_invalid_credentials" time="28.559" classname="org.test.testclass.LoginSteps"/>
  <testcase name="user_login_to_the_app_without_credentials" time="27.102" classname="org.test.testclass.LoginSteps"/>
</testsuite> <!-- org.test.testclass.LoginSteps -->
